<?xml version="1.0" encoding="UTF-8" ?>
<testsuite tests="8" failures="0" name="com.niit.BackendProject2.JobTest" time="8.512" errors="0" skipped="7">
  <properties>
[...]
</properties>
  <testcase classname="com.niit.BackendProject2.JobTest" name="deleteJobTest" time="0.469">
    <skipped/>
    <system-out>Initializing Test Case
----Session Factory Object----
----Creating Transaction Manager----
Job Dao : com.niit.BackendProject2.Dao.JobDaoImpl@2ab2710
</system-out>
    <system-err>Nov 26, 2018 12:05:19 PM org.springframework.context.annotation.AnnotationConfigApplicationContext prepareRefresh
INFO: Refreshing org.springframework.context.annotation.AnnotationConfigApplicationContext@432034a: startup date [Mon Nov 26 12:05:19 IST 2018]; root of context hierarchy
Nov 26, 2018 12:05:19 PM org.springframework.jdbc.datasource.DriverManagerDataSource setDriverClassName
INFO: Loaded JDBC driver: oracle.jdbc.driver.OracleDriver
Nov 26, 2018 12:05:19 PM org.hibernate.dialect.Dialect &lt;init&gt;
INFO: HHH000400: Using dialect: org.hibernate.dialect.OracleDialect
Nov 26, 2018 12:05:19 PM org.hibernate.dialect.Oracle9Dialect &lt;init&gt;
WARN: HHH000063: The Oracle9Dialect dialect has been deprecated; use either Oracle9iDialect or Oracle10gDialect instead
Nov 26, 2018 12:05:19 PM org.hibernate.dialect.OracleDialect &lt;init&gt;
WARN: HHH000064: The OracleDialect dialect has been deprecated; use Oracle8iDialect instead
Nov 26, 2018 12:05:19 PM org.hibernate.engine.transaction.internal.TransactionFactoryInitiator initiateService
INFO: HHH000399: Using default transaction strategy (direct JDBC transactions)
Nov 26, 2018 12:05:19 PM org.hibernate.hql.internal.ast.ASTQueryTranslatorFactory &lt;init&gt;
INFO: HHH000397: Using ASTQueryTranslatorFactory
Nov 26, 2018 12:05:19 PM org.hibernate.tool.hbm2ddl.SchemaUpdate execute
INFO: HHH000228: Running hbm2ddl schema update
Nov 26, 2018 12:05:19 PM org.hibernate.tool.hbm2ddl.SchemaUpdate execute
INFO: HHH000102: Fetching database metadata
Nov 26, 2018 12:05:19 PM org.hibernate.tool.hbm2ddl.SchemaUpdate execute
INFO: HHH000396: Updating schema
Nov 26, 2018 12:05:19 PM org.hibernate.tool.hbm2ddl.TableMetadata &lt;init&gt;
INFO: HHH000261: Table found: PROJECT2.APPLYJOB
Nov 26, 2018 12:05:19 PM org.hibernate.tool.hbm2ddl.TableMetadata &lt;init&gt;
INFO: HHH000037: Columns: [jobid, applydate, loginname, applicationid]
Nov 26, 2018 12:05:19 PM org.hibernate.tool.hbm2ddl.TableMetadata &lt;init&gt;
INFO: HHH000108: Foreign keys: []
Nov 26, 2018 12:05:19 PM org.hibernate.tool.hbm2ddl.TableMetadata &lt;init&gt;
INFO: HHH000126: Indexes: [sys_c007153]
Nov 26, 2018 12:05:19 PM org.hibernate.tool.hbm2ddl.TableMetadata &lt;init&gt;
INFO: HHH000261: Table found: PROJECT2.BLOG
Nov 26, 2018 12:05:19 PM org.hibernate.tool.hbm2ddl.TableMetadata &lt;init&gt;
INFO: HHH000037: Columns: [blogname, blogcontent, loginname, createdate, blogid, likes, status]
Nov 26, 2018 12:05:19 PM org.hibernate.tool.hbm2ddl.TableMetadata &lt;init&gt;
INFO: HHH000108: Foreign keys: []
Nov 26, 2018 12:05:19 PM org.hibernate.tool.hbm2ddl.TableMetadata &lt;init&gt;
INFO: HHH000126: Indexes: [sys_c007120]
Nov 26, 2018 12:05:19 PM org.hibernate.tool.hbm2ddl.TableMetadata &lt;init&gt;
INFO: HHH000261: Table found: PROJECT2.BLOGCOMMENT
Nov 26, 2018 12:05:19 PM org.hibernate.tool.hbm2ddl.TableMetadata &lt;init&gt;
INFO: HHH000037: Columns: [commenttext, commentdate, loginname, commentid, blogid]
Nov 26, 2018 12:05:19 PM org.hibernate.tool.hbm2ddl.TableMetadata &lt;init&gt;
INFO: HHH000108: Foreign keys: []
Nov 26, 2018 12:05:19 PM org.hibernate.tool.hbm2ddl.TableMetadata &lt;init&gt;
INFO: HHH000126: Indexes: [sys_c007125]
Nov 26, 2018 12:05:19 PM org.hibernate.tool.hbm2ddl.TableMetadata &lt;init&gt;
INFO: HHH000261: Table found: PROJECT2.FORUM
Nov 26, 2018 12:05:19 PM org.hibernate.tool.hbm2ddl.TableMetadata &lt;init&gt;
INFO: HHH000037: Columns: [loginname, createdate, forumcontent, forumname, forumid, status]
Nov 26, 2018 12:05:19 PM org.hibernate.tool.hbm2ddl.TableMetadata &lt;init&gt;
INFO: HHH000108: Foreign keys: []
Nov 26, 2018 12:05:19 PM org.hibernate.tool.hbm2ddl.TableMetadata &lt;init&gt;
INFO: HHH000126: Indexes: [sys_c007133]
Nov 26, 2018 12:05:19 PM org.hibernate.tool.hbm2ddl.TableMetadata &lt;init&gt;
INFO: HHH000261: Table found: PROJECT2.FORUMCOMMENT
Nov 26, 2018 12:05:19 PM org.hibernate.tool.hbm2ddl.TableMetadata &lt;init&gt;
INFO: HHH000037: Columns: [commenttext, commentdate, loginname, commentid, forumid]
Nov 26, 2018 12:05:19 PM org.hibernate.tool.hbm2ddl.TableMetadata &lt;init&gt;
INFO: HHH000108: Foreign keys: []
Nov 26, 2018 12:05:19 PM org.hibernate.tool.hbm2ddl.TableMetadata &lt;init&gt;
INFO: HHH000126: Indexes: [sys_c007136]
Nov 26, 2018 12:05:19 PM org.hibernate.tool.hbm2ddl.TableMetadata &lt;init&gt;
INFO: HHH000261: Table found: PROJECT2.FRIEND_TAB
Nov 26, 2018 12:05:19 PM org.hibernate.tool.hbm2ddl.TableMetadata &lt;init&gt;
INFO: HHH000037: Columns: [fromid_loginname, id, status, toid_loginname]
Nov 26, 2018 12:05:19 PM org.hibernate.tool.hbm2ddl.TableMetadata &lt;init&gt;
INFO: HHH000108: Foreign keys: [fk_707sky6utd8jo62oakicygp94, fk_1yn8gk302xiky6xqe2j5omrff]
Nov 26, 2018 12:05:19 PM org.hibernate.tool.hbm2ddl.TableMetadata &lt;init&gt;
INFO: HHH000126: Indexes: [sys_c007221]
Nov 26, 2018 12:05:19 PM org.hibernate.tool.hbm2ddl.TableMetadata &lt;init&gt;
INFO: HHH000261: Table found: PROJECT2.JOB
Nov 26, 2018 12:05:19 PM org.hibernate.tool.hbm2ddl.TableMetadata &lt;init&gt;
INFO: HHH000037: Columns: [jobid, lastdateapply, jobdesignation, company, location, jobdesc, salary]
Nov 26, 2018 12:05:19 PM org.hibernate.tool.hbm2ddl.TableMetadata &lt;init&gt;
INFO: HHH000108: Foreign keys: []
Nov 26, 2018 12:05:19 PM org.hibernate.tool.hbm2ddl.TableMetadata &lt;init&gt;
INFO: HHH000126: Indexes: [sys_c007156]
Nov 26, 2018 12:05:19 PM org.hibernate.tool.hbm2ddl.TableMetadata &lt;init&gt;
INFO: HHH000261: Table found: PROJECT2.PROFILEPICTURE
Nov 26, 2018 12:05:19 PM org.hibernate.tool.hbm2ddl.TableMetadata &lt;init&gt;
INFO: HHH000037: Columns: [image, loginname]
Nov 26, 2018 12:05:19 PM org.hibernate.tool.hbm2ddl.TableMetadata &lt;init&gt;
INFO: HHH000108: Foreign keys: []
Nov 26, 2018 12:05:19 PM org.hibernate.tool.hbm2ddl.TableMetadata &lt;init&gt;
INFO: HHH000126: Indexes: [sys_c007206]
Nov 26, 2018 12:05:19 PM org.hibernate.tool.hbm2ddl.TableMetadata &lt;init&gt;
INFO: HHH000261: Table found: PROJECT2.USER_TAB
Nov 26, 2018 12:05:19 PM org.hibernate.tool.hbm2ddl.TableMetadata &lt;init&gt;
INFO: HHH000037: Columns: [firstname, password, mobilenumber, role, loginname, onlinestatus, email, lastname]
Nov 26, 2018 12:05:19 PM org.hibernate.tool.hbm2ddl.TableMetadata &lt;init&gt;
INFO: HHH000108: Foreign keys: []
Nov 26, 2018 12:05:19 PM org.hibernate.tool.hbm2ddl.TableMetadata &lt;init&gt;
INFO: HHH000126: Indexes: [sys_c007117]
Nov 26, 2018 12:05:19 PM org.hibernate.tool.hbm2ddl.SchemaUpdate execute
INFO: HHH000232: Schema update complete
Nov 26, 2018 12:05:19 PM org.springframework.orm.hibernate4.HibernateTransactionManager afterPropertiesSet
INFO: Using DataSource [org.springframework.jdbc.datasource.DriverManagerDataSource@47e4d9d0] of Hibernate SessionFactory for HibernateTransactionManager
</system-err>
  </testcase>
  <testcase classname="com.niit.BackendProject2.JobTest" name="getJobTest" time="0.469">
    <skipped/>
  </testcase>
  <testcase classname="com.niit.BackendProject2.JobTest" name="applyJobTest" time="0.469">
    <skipped/>
  </testcase>
  <testcase classname="com.niit.BackendProject2.JobTest" name="listSortedJobs" time="1.421"/>
  <testcase classname="com.niit.BackendProject2.JobTest" name="listJob" time="1.421">
    <skipped/>
  </testcase>
  <testcase classname="com.niit.BackendProject2.JobTest" name="updateJobTest" time="1.421">
    <skipped/>
  </testcase>
  <testcase classname="com.niit.BackendProject2.JobTest" name="addJobTest" time="1.421">
    <skipped/>
  </testcase>
  <testcase classname="com.niit.BackendProject2.JobTest" name="List" time="1.421">
    <skipped/>
  </testcase>
</testsuite>